[    0.000000] Initializing cgroup subsys cpuset
[    0.000000] Initializing cgroup subsys cpu
[    0.000000] Initializing cgroup subsys cpuacct
[    0.000000] Linux version 4.4.0-78-generic (buildd@lgw01-11) (gcc version 5.4.0 20160609 (Ubuntu 5.4.0-6ubuntu1~16.04.4) ) #99-Ubuntu SMP Thu Apr 27 15:29:09 UTC 2017 (Ubuntu 4.4.0-78.99-generic 4.4.62)
[    0.000000] Command line: BOOT_IMAGE=/boot/vmlinuz-4.4.0-78-generic root=LABEL=cloudimg-rootfs ro console=tty1 console=ttyS0
[    0.000000] KERNEL supported cpus:
[    0.000000]   Intel GenuineIntel
[    0.000000]   AMD AuthenticAMD
[    0.000000]   Centaur CentaurHauls
[    0.000000] x86/fpu: xstate_offset[2]:  576, xstate_sizes[2]:  256
[    0.000000] x86/fpu: Supporting XSAVE feature 0x01: 'x87 floating point registers'
[    0.000000] x86/fpu: Supporting XSAVE feature 0x02: 'SSE registers'
[    0.000000] x86/fpu: Supporting XSAVE feature 0x04: 'AVX registers'
[    0.000000] x86/fpu: Enabled xstate features 0x7, context size is 832 bytes, using 'standard' format.
[    0.000000] x86/fpu: Using 'lazy' FPU context switches.
[    0.000000] e820: BIOS-provided physical RAM map:
[    0.000000] BIOS-e820: [mem 0x0000000000000000-0x000000000009fbff] usable
[    0.000000] BIOS-e820: [mem 0x000000000009fc00-0x000000000009ffff] reserved
[    0.000000] BIOS-e820: [mem 0x00000000000f0000-0x00000000000fffff] reserved
[    0.000000] BIOS-e820: [mem 0x0000000000100000-0x000000003ffeffff] usable
[    0.000000] BIOS-e820: [mem 0x000000003fff0000-0x000000003fffffff] ACPI data
[    0.000000] BIOS-e820: [mem 0x00000000fec00000-0x00000000fec00fff] reserved
[    0.000000] BIOS-e820: [mem 0x00000000fee00000-0x00000000fee00fff] reserved
[    0.000000] BIOS-e820: [mem 0x00000000fffc0000-0x00000000ffffffff] reserved
[    0.000000] NX (Execute Disable) protection: active
[    0.000000] SMBIOS 2.5 present.
[    0.000000] Hypervisor detected: KVM
[    0.000000] e820: last_pfn = 0x3fff0 max_arch_pfn = 0x400000000
[    0.000000] MTRR: Disabled
[    0.000000] x86/PAT: MTRRs disabled, skipping PAT initialization too.
[    0.000000] x86/PAT: Configuration [0-7]: WB  WT  UC- UC  WB  WT  UC- UC  
[    0.000000] CPU MTRRs all blank - virtualized system.
[    0.000000] found SMP MP-table at [mem 0x0009fff0-0x0009ffff] mapped at [ffff88000009fff0]
[    0.000000] Scanning 1 areas for low memory corruption
[    0.000000] RAMDISK: [mem 0x36ae6000-0x3756afff]
[    0.000000] ACPI: Early table checksum verification disabled
[    0.000000] ACPI: RSDP 0x00000000000E0000 000024 (v02 VBOX  )
[    0.000000] ACPI: XSDT 0x000000003FFF0030 00003C (v01 VBOX   VBOXXSDT 00000001 ASL  00000061)
[    0.000000] ACPI: FACP 0x000000003FFF00F0 0000F4 (v04 VBOX   VBOXFACP 00000001 ASL  00000061)
[    0.000000] ACPI: DSDT 0x000000003FFF0470 0021C8 (v02 VBOX   VBOXBIOS 00000002 INTL 20100528)
[    0.000000] ACPI: FACS 0x000000003FFF0200 000040
[    0.000000] ACPI: FACS 0x000000003FFF0200 000040
[    0.000000] ACPI: APIC 0x000000003FFF0240 00005C (v02 VBOX   VBOXAPIC 00000001 ASL  00000061)
[    0.000000] ACPI: SSDT 0x000000003FFF02A0 0001CC (v01 VBOX   VBOXCPUT 00000002 INTL 20100528)
[    0.000000] No NUMA configuration found
[    0.000000] Faking a node at [mem 0x0000000000000000-0x000000003ffeffff]
[    0.000000] NODE_DATA(0) allocated [mem 0x3ffeb000-0x3ffeffff]
[    0.000000] kvm-clock: Using msrs 4b564d01 and 4b564d00
[    0.000000] kvm-clock: cpu 0, msr 0:3ffe3001, primary cpu clock
[    0.000000] kvm-clock: using sched offset of 3458211449 cycles
[    0.000000] clocksource: kvm-clock: mask: 0xffffffffffffffff max_cycles: 0x1cd42e4dffb, max_idle_ns: 881590591483 ns
[    0.000000] Zone ranges:
[    0.000000]   DMA      [mem 0x0000000000001000-0x0000000000ffffff]
[    0.000000]   DMA32    [mem 0x0000000001000000-0x000000003ffeffff]
[    0.000000]   Normal   empty
[    0.000000]   Device   empty
[    0.000000] Movable zone start for each node
[    0.000000] Early memory node ranges
[    0.000000]   node   0: [mem 0x0000000000001000-0x000000000009efff]
[    0.000000]   node   0: [mem 0x0000000000100000-0x000000003ffeffff]
[    0.000000] Initmem setup node 0 [mem 0x0000000000001000-0x000000003ffeffff]
[    0.000000] ACPI: PM-Timer IO Port: 0x4008
[    0.000000] IOAPIC[0]: apic_id 2, version 32, address 0xfec00000, GSI 0-23
[    0.000000] ACPI: INT_SRC_OVR (bus 0 bus_irq 0 global_irq 2 dfl dfl)
[    0.000000] ACPI: INT_SRC_OVR (bus 0 bus_irq 9 global_irq 9 high level)
[    0.000000] Using ACPI (MADT) for SMP configuration information
[    0.000000] smpboot: Allowing 2 CPUs, 0 hotplug CPUs
[    0.000000] PM: Registered nosave memory: [mem 0x00000000-0x00000fff]
[    0.000000] PM: Registered nosave memory: [mem 0x0009f000-0x0009ffff]
[    0.000000] PM: Registered nosave memory: [mem 0x000a0000-0x000effff]
[    0.000000] PM: Registered nosave memory: [mem 0x000f0000-0x000fffff]
[    0.000000] e820: [mem 0x40000000-0xfebfffff] available for PCI devices
[    0.000000] Booting paravirtualized kernel on KVM
[    0.000000] clocksource: refined-jiffies: mask: 0xffffffff max_cycles: 0xffffffff, max_idle_ns: 7645519600211568 ns
[    0.000000] setup_percpu: NR_CPUS:512 nr_cpumask_bits:512 nr_cpu_ids:2 nr_node_ids:1
[    0.000000] PERCPU: Embedded 33 pages/cpu @ffff88003fc00000 s98264 r8192 d28712 u1048576
[    0.000000] PV qspinlock hash table entries: 256 (order: 0, 4096 bytes)
[    0.000000] Built 1 zonelists in Node order, mobility grouping on.  Total pages: 257913
[    0.000000] Policy zone: DMA32
[    0.000000] Kernel command line: BOOT_IMAGE=/boot/vmlinuz-4.4.0-78-generic root=LABEL=cloudimg-rootfs ro console=tty1 console=ttyS0
[    0.000000] PID hash table entries: 4096 (order: 3, 32768 bytes)
[    0.000000] Memory: 1001808K/1048120K available (8469K kernel code, 1294K rwdata, 3984K rodata, 1484K init, 1316K bss, 46312K reserved, 0K cma-reserved)
[    0.000000] SLUB: HWalign=64, Order=0-3, MinObjects=0, CPUs=2, Nodes=1
[    0.000000] Hierarchical RCU implementation.
[    0.000000] 	Build-time adjustment of leaf fanout to 64.
[    0.000000] 	RCU restricting CPUs from NR_CPUS=512 to nr_cpu_ids=2.
[    0.000000] RCU: Adjusting geometry for rcu_fanout_leaf=64, nr_cpu_ids=2
[    0.000000] NR_IRQS:33024 nr_irqs:440 16
[    0.000000] Console: colour VGA+ 80x25
[    0.000000] console [tty1] enabled
[    0.000000] console [ttyS0] enabled
[    0.000000] tsc: Detected 2599.998 MHz processor
[    1.284539] Calibrating delay loop (skipped) preset value.. 5199.99 BogoMIPS (lpj=10399992)
[    1.311645] pid_max: default: 32768 minimum: 301
[    1.356130] ACPI: Core revision 20150930
[    1.385868] ACPI: 2 ACPI AML tables successfully acquired and loaded
[    1.389956] Security Framework initialized
[    1.393512] Yama: becoming mindful.
[    1.394463] AppArmor: AppArmor initialized
[    1.419199] Dentry cache hash table entries: 131072 (order: 8, 1048576 bytes)
[    1.445963] Inode-cache hash table entries: 65536 (order: 7, 524288 bytes)
[    1.461276] Mount-cache hash table entries: 2048 (order: 2, 16384 bytes)
[    1.468341] Mountpoint-cache hash table entries: 2048 (order: 2, 16384 bytes)
[    1.469913] Initializing cgroup subsys io
[    1.475127] Initializing cgroup subsys memory
[    1.476292] Initializing cgroup subsys devices
[    1.479514] Initializing cgroup subsys freezer
[    1.480514] Initializing cgroup subsys net_cls
[    1.485153] Initializing cgroup subsys perf_event
[    1.486319] Initializing cgroup subsys net_prio
[    1.491091] Initializing cgroup subsys hugetlb
[    1.497729] Initializing cgroup subsys pids
[    1.501789] CPU: Physical Processor ID: 0
[    1.502729] CPU: Processor Core ID: 0
[    1.504849] mce: CPU supports 0 MCE banks
[    1.507285] Last level iTLB entries: 4KB 1024, 2MB 1024, 4MB 1024
[    1.514119] Last level dTLB entries: 4KB 1024, 2MB 1024, 4MB 1024, 1GB 4
[    1.519155] Freeing SMP alternatives memory: 32K (ffffffff820b8000 - ffffffff820c0000)
[    1.537354] ftrace: allocating 32120 entries in 126 pages
[    1.587008] smpboot: APIC(0) Converting physical 0 to logical package 0
[    1.594797] smpboot: Max logical packages: 1
[    1.602498] x2apic enabled
[    1.605387] Switched APIC routing to physical x2apic.
[    1.614718] ..TIMER: vector=0x30 apic1=0 pin1=2 apic2=-1 pin2=-1
[    1.721840] smpboot: CPU0: Intel(R) Core(TM) i5-4278U CPU @ 2.60GHz (family: 0x6, model: 0x45, stepping: 0x1)
[    1.747760] Performance Events: unsupported p6 CPU model 69 no PMU driver, software events only.
[    1.755703] KVM setup paravirtual spinlock
[    1.758870] x86: Booting SMP configuration:
[    1.765461] .... node  #0, CPUs:      #1
[    1.766811] kvm-clock: cpu 1, msr 0:3ffe3041, secondary cpu clock
[    1.782942] mce: CPU supports 0 MCE banks
[    1.793117] x86: Booted up 1 node, 2 CPUs
[    1.818231] smpboot: Total of 2 processors activated (10399.99 BogoMIPS)
[    1.841307] devtmpfs: initialized
[    1.866986] evm: security.selinux
[    1.876033] evm: security.SMACK64
[    1.879225] evm: security.SMACK64EXEC
[    1.884018] evm: security.SMACK64TRANSMUTE
[    1.892958] evm: security.SMACK64MMAP
[    1.898871] evm: security.ima
[    1.906814] evm: security.capability
[    1.914468] clocksource: jiffies: mask: 0xffffffff max_cycles: 0xffffffff, max_idle_ns: 7645041785100000 ns
[    1.919604] futex hash table entries: 512 (order: 3, 32768 bytes)
[    1.924087] pinctrl core: initialized pinctrl subsystem
[    1.930260] RTC time:  5:28:15, date: 06/08/17
[    1.935368] NET: Registered protocol family 16
[    1.950181] cpuidle: using governor ladder
[    1.974196] cpuidle: using governor menu
[    1.985217] PCCT header not found.
[    1.993087] ACPI: bus type PCI registered
[    2.001097] acpiphp: ACPI Hot Plug PCI Controller Driver version: 0.5
[    2.002703] PCI: Using configuration type 1 for base access
[    2.018817] ACPI: Added _OSI(Module Device)
[    2.026575] ACPI: Added _OSI(Processor Device)
[    2.035769] ACPI: Added _OSI(3.0 _SCP Extensions)
[    2.038572] ACPI: Added _OSI(Processor Aggregator Device)
[    2.046914] ACPI: Executed 1 blocks of module-level executable AML code
[    2.053348] ACPI: Interpreter enabled
[    2.056936] ACPI: (supports S0 S5)
[    2.058674] ACPI: Using IOAPIC for interrupt routing
[    2.059961] PCI: Using host bridge windows from ACPI; if necessary, use "pci=nocrs" and report a bug
[    2.066505] ACPI: PCI Root Bridge [PCI0] (domain 0000 [bus 00-ff])
[    2.069251] acpi PNP0A03:00: _OSC: OS supports [ASPM ClockPM Segments MSI]
[    2.080678] acpi PNP0A03:00: _OSC failed (AE_NOT_FOUND); disabling ASPM
[    2.089849] acpi PNP0A03:00: fail to add MMCONFIG information, can't access extended PCI configuration space under this bridge.
[    2.093773] PCI host bridge to bus 0000:00
[    2.094729] pci_bus 0000:00: root bus resource [io  0x0000-0x0cf7 window]
[    2.101765] pci_bus 0000:00: root bus resource [io  0x0d00-0xffff window]
[    2.103133] pci_bus 0000:00: root bus resource [mem 0x000a0000-0x000bffff window]
[    2.106182] pci_bus 0000:00: root bus resource [mem 0x40000000-0xffdfffff window]
[    2.109153] pci_bus 0000:00: root bus resource [bus 00-ff]
[    2.112953] pci 0000:00:01.1: legacy IDE quirk: reg 0x10: [io  0x01f0-0x01f7]
[    2.118435] pci 0000:00:01.1: legacy IDE quirk: reg 0x14: [io  0x03f6]
[    2.127979] pci 0000:00:01.1: legacy IDE quirk: reg 0x18: [io  0x0170-0x0177]
[    2.134698] pci 0000:00:01.1: legacy IDE quirk: reg 0x1c: [io  0x0376]
[    2.164006] pci 0000:00:07.0: quirk: [io  0x4000-0x403f] claimed by PIIX4 ACPI
[    2.181610] pci 0000:00:07.0: quirk: [io  0x4100-0x410f] claimed by PIIX4 SMB
[    2.214410] ACPI: PCI Interrupt Link [LNKA] (IRQs 5 9 10 *11)
[    2.250337] ACPI: PCI Interrupt Link [LNKB] (IRQs 5 9 10 *11)
[    2.325626] ACPI: PCI Interrupt Link [LNKC] (IRQs 5 9 *10 11)
[    2.354853] ACPI: PCI Interrupt Link [LNKD] (IRQs 5 *9 10 11)
[    2.369080] ACPI: Enabled 2 GPEs in block 00 to 07
[    2.381540] vgaarb: setting as boot device: PCI:0000:00:02.0
[    2.394932] vgaarb: device added: PCI:0000:00:02.0,decodes=io+mem,owns=io+mem,locks=none
[    2.407250] vgaarb: loaded
[    2.411614] vgaarb: bridge control possible 0000:00:02.0
[    2.422925] SCSI subsystem initialized
[    2.429521] ACPI: bus type USB registered
[    2.451227] usbcore: registered new interface driver usbfs
[    2.453944] usbcore: registered new interface driver hub
[    2.457962] usbcore: registered new device driver usb
[    2.468397] PCI: Using ACPI for IRQ routing
[    2.482026] NetLabel: Initializing
[    2.485944] NetLabel:  domain hash size = 128
[    2.501419] NetLabel:  protocols = UNLABELED CIPSOv4
[    2.518034] NetLabel:  unlabeled traffic allowed by default
[    2.528698] amd_nb: Cannot enumerate AMD northbridges
[    2.538466] clocksource: Switched to clocksource kvm-clock
[    2.569314] AppArmor: AppArmor Filesystem Enabled
[    2.596911] pnp: PnP ACPI init
[    2.608549] pnp: PnP ACPI: found 3 devices
[    2.746961] clocksource: acpi_pm: mask: 0xffffff max_cycles: 0xffffff, max_idle_ns: 2085701024 ns
[    2.757518] NET: Registered protocol family 2
[    2.777275] TCP established hash table entries: 8192 (order: 4, 65536 bytes)
[    2.788370] TCP bind hash table entries: 8192 (order: 5, 131072 bytes)
[    2.798638] TCP: Hash tables configured (established 8192 bind 8192)
[    2.830549] UDP hash table entries: 512 (order: 2, 16384 bytes)
[    2.842738] UDP-Lite hash table entries: 512 (order: 2, 16384 bytes)
[    2.848235] NET: Registered protocol family 1
[    2.861105] pci 0000:00:00.0: Limiting direct PCI/PCI transfers
[    2.866510] pci 0000:00:01.0: Activating ISA DMA hang workarounds
[    2.895633] Unpacking initramfs...
[    5.736232] Freeing initrd memory: 10772K (ffff880036ae6000 - ffff88003756b000)
[    5.913733] RAPL PMU detected, API unit is 2^-32 Joules, 4 fixed counters 10737418240 ms ovfl timer
[    6.015467] hw unit of domain pp0-core 2^-0 Joules
[    6.031964] hw unit of domain package 2^-0 Joules
[    6.051882] hw unit of domain dram 2^-0 Joules
[    6.093310] hw unit of domain pp1-gpu 2^-0 Joules
[    6.095948] platform rtc_cmos: registered platform RTC device (no PNP device found)
[    6.188438] Scanning for low memory corruption every 60 seconds
[    6.211853] audit: initializing netlink subsys (disabled)
[    6.227022] audit: type=2000 audit(1496899702.598:1): initialized
[    6.255201] Initialise system trusted keyring
[    6.272895] HugeTLB registered 2 MB page size, pre-allocated 0 pages
[    6.281226] zbud: loaded
[    6.293353] VFS: Disk quotas dquot_6.6.0
[    6.312921] VFS: Dquot-cache hash table entries: 512 (order 0, 4096 bytes)
[    6.342785] squashfs: version 4.0 (2009/01/31) Phillip Lougher
[    6.350806] fuse init (API version 7.23)
[    6.360414] Key type big_key registered
[    6.374507] Allocating IMA MOK and blacklist keyrings.
[    6.379181] Key type asymmetric registered
[    6.382000] Asymmetric key parser 'x509' registered
[    6.384061] Block layer SCSI generic (bsg) driver version 0.4 loaded (major 249)
[    6.393833] io scheduler noop registered
[    6.397053] io scheduler deadline registered (default)
[    6.399718] io scheduler cfq registered
[    6.404382] pci_hotplug: PCI Hot Plug PCI Core version: 0.5
[    6.406318] pciehp: PCI Express Hot Plug Controller Driver version: 0.4
[    6.409498] ACPI: AC Adapter [AC] (on-line)
[    6.412238] input: Power Button as /devices/LNXSYSTM:00/LNXPWRBN:00/input/input0
[    6.418334] ACPI: Power Button [PWRF]
[    6.421594] input: Sleep Button as /devices/LNXSYSTM:00/LNXSLPBN:00/input/input1
[    6.425105] ACPI: Sleep Button [SLPF]
[    6.429309] ACPI: Battery Slot [BAT0] (battery present)
[    6.430499] GHES: HEST is not enabled!
[    6.431485] Serial: 8250/16550 driver, 32 ports, IRQ sharing enabled
[    6.457652] 00:02: ttyS0 at I/O 0x3f8 (irq = 4, base_baud = 115200) is a 16550A
[    6.468871] Linux agpgart interface v0.103
[    6.473171] loop: module loaded
[    6.480636] scsi host0: ata_piix
[    6.481698] scsi host1: ata_piix
[    6.484864] ata1: PATA max UDMA/33 cmd 0x1f0 ctl 0x3f6 bmdma 0xd000 irq 14
[    6.495080] ata2: PATA max UDMA/33 cmd 0x170 ctl 0x376 bmdma 0xd008 irq 15
[    6.498826] libphy: Fixed MDIO Bus: probed
[    6.502068] tun: Universal TUN/TAP device driver, 1.6
[    6.503344] tun: (C) 1999-2004 Max Krasnyansky <maxk@qualcomm.com>
[    6.505288] PPP generic driver version 2.4.2
[    6.518463] ehci_hcd: USB 2.0 'Enhanced' Host Controller (EHCI) Driver
[    6.523423] ehci-pci: EHCI PCI platform driver
[    6.524502] ehci-platform: EHCI generic platform driver
[    6.525646] ohci_hcd: USB 1.1 'Open' Host Controller (OHCI) Driver
[    6.533296] ohci-pci: OHCI PCI platform driver
[    6.534376] ohci-platform: OHCI generic platform driver
[    6.535908] uhci_hcd: USB Universal Host Controller Interface driver
[    6.537447] i8042: PNP: PS/2 Controller [PNP0303:PS2K,PNP0f03:PS2M] at 0x60,0x64 irq 1,12
[    6.564884] serio: i8042 KBD port at 0x60,0x64 irq 1
[    6.597686] serio: i8042 AUX port at 0x60,0x64 irq 12
[    6.599609] mousedev: PS/2 mouse device common for all mice
[    6.604239] input: AT Translated Set 2 keyboard as /devices/platform/i8042/serio0/input/input2
[    6.614785] rtc_cmos rtc_cmos: rtc core: registered rtc_cmos as rtc0
[    6.617363] rtc_cmos rtc_cmos: alarms up to one day, 114 bytes nvram
[    6.621907] i2c /dev entries driver
[    6.622907] device-mapper: uevent: version 1.0.3
[    6.649022] device-mapper: ioctl: 4.34.0-ioctl (2015-10-28) initialised: dm-devel@redhat.com
[    6.651053] ledtrig-cpu: registered to indicate activity on CPUs
[    6.675368] NET: Registered protocol family 10
[    6.693941] NET: Registered protocol family 17
[    6.700786] Key type dns_resolver registered
[    6.721572] microcode: CPU0 sig=0x40651, pf=0x40, revision=0x0
[    6.761634] microcode: CPU1 sig=0x40651, pf=0x40, revision=0x0
[    6.764404] microcode: Microcode Update Driver: v2.01 <tigran@aivazian.fsnet.co.uk>, Peter Oruba
[    6.838626] registered taskstats version 1
[    6.863954] Loading compiled-in X.509 certificates
[    6.921397] Loaded X.509 cert 'Build time autogenerated kernel key: 779fd75203f0d36b99b83c7328fac831ec7adf9e'
[    6.982366] zswap: loaded using pool lzo/zbud
[    6.986466] Key type trusted registered
[    7.005995] Key type encrypted registered
[    7.022906] AppArmor: AppArmor sha1 policy hashing enabled
[    7.024304] ima: No TPM chip found, activating TPM-bypass!
[    7.036134] evm: HMAC attrs: 0x1
[    7.073715]   Magic number: 5:55:466
[    7.097255] tsc: Refined TSC clocksource calibration: 2599.421 MHz
[    7.119686] clocksource: tsc: mask: 0xffffffffffffffff max_cycles: 0x25781908647, max_idle_ns: 440795261580 ns
[    7.119737]  cache: hash matches
[    7.119738]  cache: hash matches
[    7.128600] rtc_cmos rtc_cmos: setting system clock to 2017-06-08 05:28:20 UTC (1496899700)
[    7.128718] BIOS EDD facility v0.16 2004-Jun-25, 0 devices found
[    7.128718] EDD information not available.
[    7.165562] Freeing unused kernel memory: 1484K (ffffffff81f45000 - ffffffff820b8000)
[    7.176623] Write protecting the kernel read-only data: 14336k
[    7.201704] Freeing unused kernel memory: 1760K (ffff880001848000 - ffff880001a00000)
[    7.223675] Freeing unused kernel memory: 112K (ffff880001de4000 - ffff880001e00000)
Loading, please wait...
starting version 229
[    7.308128] random: systemd-udevd: uninitialized urandom read (16 bytes read, 2 bits of entropy available)
[    7.324581] random: udevadm: uninitialized urandom read (16 bytes read, 2 bits of entropy available)
[    7.324630] random: udevadm: uninitialized urandom read (16 bytes read, 2 bits of entropy available)
[    7.324842] random: udevadm: uninitialized urandom read (16 bytes read, 2 bits of entropy available)
[    7.324895] random: udevadm: uninitialized urandom read (16 bytes read, 2 bits of entropy available)
[    7.324946] random: udevadm: uninitialized urandom read (16 bytes read, 2 bits of entropy available)
[    7.325000] random: udevadm: uninitialized urandom read (16 bytes read, 2 bits of entropy available)
[    7.325054] random: udevadm: uninitialized urandom read (16 bytes read, 2 bits of entropy available)
[    7.325108] random: udevadm: uninitialized urandom read (16 bytes read, 2 bits of entropy available)
[    7.325168] random: udevadm: uninitialized urandom read (16 bytes read, 2 bits of entropy available)
[    7.409518] e1000: Intel(R) PRO/1000 Network Driver - version 7.3.21-k8-NAPI
[    7.417485] e1000: Copyright (c) 1999-2006 Intel Corporation.
[    7.429840] Fusion MPT base driver 3.04.20
[    7.434336] Copyright (c) 1999-2008 LSI Corporation
[    7.442802] Fusion MPT SPI Host driver 3.04.20
[    7.463671] AVX version of gcm_enc/dec engaged.
[    7.468208] AES CTR mode by8 optimization enabled
[    7.679347] input: ImExPS/2 Generic Explorer Mouse as /devices/platform/i8042/serio1/input/input4
[    7.875379] e1000 0000:00:03.0 eth0: (PCI:33MHz:32-bit) 02:a6:9f:cf:fa:b5
[    7.885720] e1000 0000:00:03.0 eth0: Intel(R) PRO/1000 Network Connection
[    7.891045] mptbase: ioc0: Initiating bringup
[    7.971380] ioc0: LSI53C1030 A0: Capabilities={Initiator}
[    8.168361] scsi host2: ioc0: LSI53C1030 A0, FwRev=00000000h, Ports=1, MaxQ=256, IRQ=20
[    8.314781] scsi 2:0:0:0: Direct-Access     VBOX     HARDDISK         1.0  PQ: 0 ANSI: 5
[    8.341422] scsi target2:0:0: Beginning Domain Validation
[    8.350224] scsi target2:0:0: Domain Validation skipping write tests
[    8.403479] scsi target2:0:0: Ending Domain Validation
[    8.447575] scsi target2:0:0: asynchronous
[    8.458628] scsi 2:0:1:0: Direct-Access     VBOX     HARDDISK         1.0  PQ: 0 ANSI: 5
[    8.476799] scsi target2:0:1: Beginning Domain Validation
[    8.482810] scsi target2:0:1: Domain Validation skipping write tests
[    8.503496] scsi target2:0:1: Ending Domain Validation
[    8.531803] scsi target2:0:1: asynchronous
[    8.563193] sd 2:0:0:0: Attached scsi generic sg0 type 0
[    8.570927] sd 2:0:0:0: [sda] 20971520 512-byte logical blocks: (10.7 GB/10.0 GiB)
[    8.581904] sd 2:0:1:0: [sdb] 20480 512-byte logical blocks: (10.5 MB/10.0 MiB)
[    8.592508] sd 2:0:1:0: Attached scsi generic sg1 type 0
[    8.615821] sd 2:0:0:0: [sda] Write Protect is off
[    8.622495] sd 2:0:1:0: [sdb] Write Protect is off
[    8.641281] sd 2:0:0:0: [sda] Incomplete mode parameter data
[    8.656193] sd 2:0:0:0: [sda] Assuming drive cache: write through
[    8.657582] sd 2:0:1:0: [sdb] Incomplete mode parameter data
[    8.658856] sd 2:0:1:0: [sdb] Assuming drive cache: write through
[    8.662207]  sda: sda1
[    8.670348] sd 2:0:1:0: [sdb] Attached SCSI disk
[    8.678435] sd 2:0:0:0: [sda] Attached SCSI disk
[    8.807552] e1000 0000:00:08.0 eth1: (PCI:33MHz:32-bit) 08:00:27:83:b8:7f
[    8.864396] e1000 0000:00:08.0 eth1: Intel(R) PRO/1000 Network Connection
[    8.889671] e1000 0000:00:03.0 enp0s3: renamed from eth0
[    8.907292] e1000 0000:00:08.0 enp0s8: renamed from eth1
[   10.431244] floppy0: no floppy controllers found
Begin: Loading e[   11.827478] md: linear personality registered for level -1
ssential drivers[   11.837446] md: multipath personality registered for level -4
 ... [   11.896960] md: raid0 personality registered for level 0
[   11.919628] md: raid1 personality registered for level 1
[   12.058739] raid6: sse2x1   gen()  8163 MB/s
[   12.174646] raid6: sse2x1   xor()  6790 MB/s
[   12.242538] raid6: sse2x2   gen()  7556 MB/s
[   12.346523] raid6: sse2x2   xor()  5080 MB/s
[   12.454695] raid6: sse2x4   gen()  7922 MB/s
[   12.538520] raid6: sse2x4   xor()  7070 MB/s
[   12.549317] raid6: using algorithm sse2x1 gen() 8163 MB/s
[   12.553228] raid6: .... xor() 6790 MB/s, rmw enabled
[   12.579866] raid6: using ssse3x2 recovery algorithm
[   12.636906] xor: automatically using best checksumming function:
[   12.722625]    avx       : 21626.000 MB/sec
[   12.761552] async_tx: api initialized (async)
[   12.819526] md: raid6 personality registered for level 6
[   12.879154] md: raid5 personality registered for level 5
[   12.905824] md: raid4 personality registered for level 4
[   12.958984] md: raid10 personality registered for level 10
done.
Begin: Running /scripts/init-premount ... done.
Begin: Mounting root file syste[   13.078455] Btrfs loaded
m ... Begin: Running /scripts/local-top ... done.
Begin: Running /scripts/local[   13.192763] EXT4-fs (sda1): mounted filesystem with ordered data mode. Opts: (null)
-premount ... Scanning for Btrfs filesystems
done.
Warning: fsck not present, so skipping root file system
done.
Begin: Running /scripts/local-bottom ... done.
Begin: Running /scripts/init-bottom ... done.
[   13.431629] systemd[1]: systemd 229 running in system mode. (+PAM +AUDIT +SELINUX +IMA +APPARMOR +SMACK +SYSVINIT +UTMP +LIBCRYPTSETUP +GCRYPT +GNUTLS +ACL +XZ -LZ4 +SECCOMP +BLKID +ELFUTILS +KMOD -IDN)
[   13.516739] systemd[1]: Detected virtualization oracle.
[   13.545325] systemd[1]: Detected architecture x86-64.

Welcome to [1mUbuntu 16.04.2 LTS[0m!

[   13.615397] systemd[1]: Set hostname to <fit>.
[   13.844769] systemd[1]: Reached target Encrypted Volumes.
[[0;32m  OK  [0m] Reached target Encrypted Volumes.
[   13.882972] systemd[1]: Listening on udev Kernel Socket.
[[0;32m  OK  [0m] Listening on udev Kernel Socket.
[   13.902815] systemd[1]: Listening on Journal Audit Socket.
[[0;32m  OK  [0m] Listening on Journal Audit Socket.
[   13.909963] systemd[1]: Listening on Journal Socket (/dev/log).
[[0;32m  OK  [0m] Listening on Journal Socket (/dev/log).
[   13.931997] systemd[1]: Listening on Syslog Socket.
[[0;32m  OK  [0m] Listening on Syslog Socket.
[   13.936595] systemd[1]: Started Forward Password Requests to Wall Directory Watch.
[[0;32m  OK  [0m] Started Forward Password Requests to Wall Directory Watch.
[   13.960753] systemd[1]: Listening on Journal Socket.
[[0;32m  OK  [0m] Listening on Journal Socket.
[   13.988681] systemd[1]: Listening on LVM2 poll daemon socket.
[[0;32m  OK  [0m] Listening on LVM2 poll daemon socket.
[   14.029556] systemd[1]: Listening on Device-mapper event daemon FIFOs.
[[0;32m  OK  [0m] Listening on Device-mapper event daemon FIFOs.
[   14.055242] systemd[1]: Started Trigger resolvconf update for networkd DNS.
[[0;32m  OK  [0m] Started Trigger resolvconf update for networkd DNS.
[   14.090799] systemd[1]: Reached target User and Group Name Lookups.
[[0;32m  OK  [0m] Reached target User and Group Name Lookups.
[   14.123702] systemd[1]: Listening on LVM2 metadata daemon socket.
[[0;32m  OK  [0m] Listening on LVM2 metadata daemon socket.
[   14.171200] systemd[1]: Created slice System Slice.
[[0;32m  OK  [0m] Created slice System Slice.
[   14.207004] systemd[1]: Starting Uncomplicated firewall...
         Starting Uncomplicated firewall...
[   14.254813] systemd[1]: Starting Remount Root and Kernel File Systems...
[   14.265536] EXT4-fs (sda1): re-mounted. Opts: acl
         Starting Remount Root and Kernel File Systems...
[   14.311165] systemd[1]: Starting Load Kernel Modules...
[   14.323162] Loading iSCSI transport class v2.0-870.
         Starting Load Kernel Mo[   14.335119] iscsi: registered transport (tcp)
dules...
[   14.421421] iscsi: registered transport (iser)
[   14.430883] systemd[1]: Mounting Debug File System...
         Mounting Debug File System...
[   14.474992] systemd[1]: Starting Journal Service...
         Starting Journal Service...
[   14.495153] systemd[1]: Starting Monitoring of LVM2 mirrors, snapshots etc. using dmeventd or progress polling...
         Starting Monitoring of LVM2 mirrors... dmeventd or progress polling...
[   14.623007] systemd[1]: Mounting RPC Pipe File System...
         Mountin[   14.644763] RPC: Registered named UNIX socket transport module.
g RPC Pipe File System...
[   14.693517] RPC: Registered udp transport module.
[   14.769539] RPC: Registered tcp transport module.
[   14.770183] systemd[1]: Mounting POSIX Message Queue File System...
[   14.887226] RPC: Registered tcp NFSv4.1 backchannel transport module.
         Mounting POSIX Message Queue File System...
[   14.930757] systemd[1]: Starting Create list of required static device nodes for the current kernel...
[   14.933558] random: nonblocking pool is initialized
         Starting Create list of required st... nodes for the current kernel...
[   15.059666] systemd[1]: Created slice system-serial\x2dgetty.slice.
[[0;32m  OK  [0m] Created slice system-serial\x2dgetty.slice.
[   15.134749] systemd[1]: Starting Nameserver information manager...
         Starting Nameserver information manager...
[   15.222924] systemd[1]: Set up automount Arbitrary Executable File Formats File System Automount Point.
[[0;32m  OK  [0m] Set up automount Arbitrary Executab...ats File System Automount Point.
[   15.358953] systemd[1]: Starting Set console keymap...
         Starting Set console keymap...
[   15.427000] systemd[1]: Listening on /dev/initctl Compatibility Named Pipe.
[[0;32m  OK  [0m] Listening on /dev/initctl Compatibility Named Pipe.
[   15.543636] systemd[1]: Created slice User and Session Slice.
[[0;32m  OK  [0m] Created slice User and Session Slice.
[   15.623047] systemd[1]: Reached target Slices.
[[0;32m  OK  [0m] Reached target Slices.
[   15.670823] systemd[1]: Listening on udev Control Socket.
[[0;32m  OK  [0m] Listening on udev Control Socket.
[   15.746674] systemd[1]: Reached target Swap.
[[0;32m  OK  [0m] Reached target Swap.
[   15.819333] systemd[1]: Mounting Huge Pages File System...
         Mounting Huge Pages File System...
[   15.875449] systemd[1]: Mounted RPC Pipe File System.
[[0;32m  OK  [0m] Mounted RPC Pipe File System.
[   15.986763] systemd[1]: Mounted POSIX Message Queue File System.
[[0;32m  OK  [0m] Mounted POSIX Message Queue File System.
[   16.055229] systemd[1]: Mounted Huge Pages File System.
[[0;32m  OK  [0m] Mounted Huge Pages File System.
[   16.128103] systemd[1]: Mounted Debug File System.
[[0;32m  OK  [0m] Mounted Debug File System.
[   16.194942] systemd[1]: Started Journal Service.
[[0;32m  OK  [0m] Started Journal Service.
[[0;32m  OK  [0m] Started Uncomplicated firewall.
[[0;32m  OK  [0m] Started Remount Root and Kernel File Systems.
[[0;32m  OK  [0m] Started Load Kernel Modules.
[[0;32m  OK  [0m] Started Create list of required sta...ce nodes for the current kernel.
[[0;32m  OK  [0m] Started Set console keymap.
[[0;32m  OK  [0m] Started Nameserver information manager.
[[0;32m  OK  [0m] Started LVM2 metadata daemon.
         Starting Create Static Device Nodes in /dev...
         Starting Apply Kernel Variables...
         Mounting FUSE Control File System...
         Starting Load/Save Random Seed...
         Starting udev Coldplug all Devices...
         Starting Initial cloud-init job (pre-networking)...
         Starting Flush Journal to Persistent Storage...
[[0;32m  OK  [0m] Mounted FUSE Control File System.
[[0;32m  OK  [0m] Started Create Static Device Nodes in /dev.
[[0;32m  OK  [0m] Started Apply Kernel Variables.
[[0;32m  OK  [0m] Started Load/Save Random Seed.
[[0;32m  OK  [0m] Started Flush Journal to Persistent Storage.
[[0;32m  OK  [0m] Started udev Coldplug all Devices.
[[0;32m  OK  [0m] Started Monitoring of LVM2 mirrors,...ng dmeventd or progress polling.
         Starting udev Kernel Device Manager...
[[0;32m  OK  [0m] Started udev Kernel Device Manager.
[[0;32m  OK  [0m] Reached target Local File Systems (Pre).
[[0;32m  OK  [0m] Reached target Local File Systems.
         Starting Create Volatile Files and Directories...
         Starting Set console font and keymap...
         Starting LSB: AppArmor initialization...
         Starting Preprocess NFS configuration...
         Starting Tell Plymouth To Write Out Runtime Data...
[[0;32m  OK  [0m] Started Dispatch Password Requests to Console Directory Watch.
[[0;32m  OK  [0m] Started Create Volatile Files and Directories.
[[0;32m  OK  [0m] Started Preprocess NFS configuration.
[[0;32m  OK  [0m] Started Tell Plymouth To Write Out Runtime Data.
[[0;32m  OK  [0m] Found device /dev/ttyS0.
[   16.126831] cloud-init[469]: Cloud-init v. 0.7.9 running 'init-local' at Thu, 08 Jun 2017 05:28:31 +0000. Up 15.78 seconds.
[[0;32m  OK  [0m] Started LSB: AppArmor initialization.
[[0;32m  OK  [0m] Started Set console font and keymap.
[[0;32m  OK  [0m] Started Initial cloud-init job (pre-networking).
[[0;32m  OK  [0m] Listening on Load/Save RF Kill Switch Status /dev/rfkill Watch.
[[0;32m  OK  [0m] Reached target Network (Pre).
[[0;32m  OK  [0m] Created slice system-getty.slice.
         Starting Raise network interfaces...
[[0;32m  OK  [0m] Started ifup for enp0s8.
[[0;32m  OK  [0m] Started ifup for enp0s3.
[[0;32m  OK  [0m] Reached target NFS client services.
[[0;32m  OK  [0m] Reached target System Time Synchronized.
         Starting Update UTMP about System Boot/Shutdown...
[[0;32m  OK  [0m] Started Update UTMP about System Boot/Shutdown.
[[0;32m  OK  [0m] Started Raise network interfaces.
         Starting Initial cloud-init job (metadata service crawler)...
[[0;32m  OK  [0m] Reached target Network.
[   18.975680] cloud-init[1067]: Cloud-init v. 0.7.9 running 'init' at Thu, 08 Jun 2017 05:28:34 +0000. Up 18.68 seconds.
[   19.029471] cloud-init[1067]: ci-info: ++++++++++++++++++++++++++++++++++++++Net device info++++++++++++++++++++++++++++++++++++++
[   19.029688] cloud-init[1067]: ci-info: +--------+------+-----------------------------+---------------+-------+-------------------+
[[0;32m  OK  [0m] Started Initial cloud-init job (metadata service crawler).
[   19.029865] cloud-init[1067]: ci-info: | Device |  Up  |           Address           |      Mask     | Scope |     Hw-Address    |
[   19.227537] cloud-init[1067]: ci-info: +--------+------+-----------------------------+---------------+-------+-------------------+
[   19.227843] cloud-init[1067]: ci-info: | enp0s8 | True |        192.168.75.85        | 255.255.255.0 |   .   | 08:00:27:83:b8:7f |
[[0;32m  OK  [0m] Reached target Cloud-config availability.
[[   19.228094] cloud-init[1067]: ci-info: | enp0s8 | True | fe80::a00:27ff:fe83:b87f/64 |       .       |  link | 08:00:27:83:b8:7f |
[   19.429350] cloud-init[1067]: ci-info: |   lo   | True |          127.0.0.1          |   255.0.0.0   |   .   |         .         |
[   19.429640] cloud-init[1067]: ci-info: |   lo   | True |           ::1/128           |       .       |  host |         .         |
[0;32m  OK  [0m] Reached target System Initialization.
[   19.429849] cloud-init[1067]: ci-info: | enp0s3 | True |          10.0.2.15          | 255.255.255.0 |   .   | 02:a6:9f:cf:fa:b5 |
[   19.644748] cloud-init[1067]: ci-info: | enp0s3 | True |  fe80::a6:9fff:fecf:fab5/64 |       .       |  link | 02:a6:9f:cf:fa:b5 |
[   19.645084] cloud-init[1067]: ci-info: +--------+------+-----------------------------+---------------+-------+-------------------+
[[0;32m  OK  [0m] Started Timer to automatically refresh installed snaps.
[   19.645243] cloud-init[1067]: ci-info: ++++++++++++++++++++++++++++Route IPv4 info++++++++++++++++++++++++++++
[[   19.840302] cloud-init[1067]: ci-info: +-------+--------------+----------+---------------+-----------+-------+
[   19.840827] cloud-init[1067]: ci-info: | Route | Destination  | Gateway  |    Genmask    | Interface | Flags |
[0;32m  OK  [0m] Started ACPI Events Check.
[   19.840988] cloud-init[1067]: ci-info: +-------+--------------+----------+---------------+-----------+-------+
[   19.969462] cloud-init[1067]: ci-info: |   0   |   0.0.0.0    | 10.0.2.2 |    0.0.0.0    |   enp0s3  |   UG  |
[[0;32m  OK  [0m] Reached target Paths.
[   19.969658] cloud-init[1067]: ci-info: |   1   |   10.0.2.0   | 0.0.0.0  | 255.255.255.0 |   enp0s3  |   U   |
[[0;32m  OK  [0m[   20.025696] ] cloud-initStarted Clean PHP session files every 30 mins.[1067]: 
ci-info: |   2   | 192.168.75.0 | 0.0.0.0  | 255.255.255.0 |   enp0s8  |   U   |
[[   20.103488] cloud-init[1067]: ci-info: +-------+--------------+----------+---------------+-----------+-------+
[0;32m  OK  [0m] Started Daily apt activities.
         Starting Socket activation for snappy daemon.
[[0;32m  OK  [0m] Listening on ACPID Listen Socket.
[[0;32m  OK  [0m] Started Daily Cleanup of Temporary Directories.
[[0;32m  OK  [0m] Reached target Timers.
         Starting LXD - unix socket.
[[0;32m  OK  [0m] Listening on D-Bus System Message Bus Socket.
[[0;32m  OK  [0m] Listening on RPCbind Server Activation Socket.
[[0;32m  OK  [0m] Listening on UUID daemon activation socket.
[[0;32m  OK  [0m] Reached target Network is Online.
         Starting iSCSI initiator daemon (iscsid)...
[[0;32m  OK  [0m] Listening on Socket activation for snappy daemon.
[[0;32m  OK  [0m] Listening on LXD - unix socket.
[[0;32m  OK  [0m] Reached target Sockets.
[[0;32m  OK  [0m] Reached target Basic System.
         Starting Apply the settings specified in cloud-config...
         Starting The PHP 5.6 FastCGI Process Manager...
[[0;32m  OK  [0m] Started Unattended Upgrades Shutdown.
         Starting A high performance web server and a reverse proxy server...
[[0;32m  OK  [0m] Started FUSE filesystem for LXC.
         Starting LSB: MD monitoring daemon...
         Starting Accounts Service...
         Starting LXD - container startup/shutdown...
[[0;32m  OK  [0m] Started Deferred execution scheduler.
         Starting LSB: Record successful boot for GRUB...
         Starting Login Service...
         Starting /etc/rc.local Compatibility...
         Starting Daily apt activities...
         Starting OpenBSD Secure Shell server...
[[0;32m  OK  [0m] Started ACPI event daemon.
         Starting System Logging Service...
         Starting MySQL Community Server...
[[0;32m  OK  [0m] Started Snappy daemon.
         Starting Auto import assertions from block devices...
[[0;32m  OK  [0m] Started Regular background program processing daemon.
[[0;32m  OK  [0m] Started D-Bus System Message Bus.
         Starting Clean php session files...
[[0;32m  OK  [0m] Started OpenBSD Secure Shell server.
[[0;32m  OK  [0m] Started System Logging Service.
[[0;32m  OK  [0m] Started The PHP 5.6 FastCGI Process Manager.
[[0;32m  OK  [0m] Started iSCSI initiator daemon (iscsid).
[[0;32m  OK  [0m] Started LXD - container startup/shutdown.
[[0;32m  OK  [0m] Started /etc/rc.local Compatibility.
[[0;32m  OK  [0m] Started Auto import assertions from block devices.
[[0;32m  OK  [0m] Started A high performance web server and a reverse proxy server.
[[0;32m  OK  [0m] Started LSB: MD monitoring daemon.
[[0;32m  OK  [0m] Started LSB: Record successful boot for GRUB.
[[0;32m  OK  [0m] Started Login Service.
         Starting Authenticate and Authorize Users to Run Privileged Tasks...
         Starting Login to default iSCSI targets...
[[0;32m  OK  [0m] Started Login to default iSCSI targets.
[[0;32m  OK  [0m] Reached target Remote File Systems (Pre).
[[0;32m  OK  [0m] Reached target Remote File Systems.
         Starting LSB: daemon to balance interrupts for SMP systems...
         Starting Permit User Sessions...
         Starting LSB: automatic crash report generation...
         Starting LSB: Set the CPU Frequency Scaling governor to "ondemand"...
         Starting LSB: Apache2 web server...
         Starting LSB: VirtualBox Linux Additions...
[[0;32m  OK  [0m] Started Permit User Sessions.
[[0;32m  OK  [0m] Started Authenticate and Authorize Users to Run Privileged Tasks.
[[0;32m  OK  [0m] Started Accounts Service.
[   22.479135] cloud-init[1123]: Cloud-init v. 0.7.9 running 'modules:config' at Thu, 08 Jun 2017 05:28:37 +0000. Up 22.08 seconds.
[[0;32m  OK  [0m] Started LSB: Set the CPU Frequency Scaling governor to "ondemand".
[[0;32m  OK  [0m] Started Clean php session files.
[[0;32m  OK  [0m] Started LSB: daemon to balance interrupts for SMP systems.
[[0;32m  OK  [0m] Started LSB: automatic crash report generation.
         Starting Terminate Plymouth Boot Screen...
         Starting Hold until boot process finishes up...
[[0;32m  OK  [0m] Started Terminate Plymouth Boot Screen.
[[0;32m  OK  [0m] Started Hold until boot process finishes up.
         Starting Set console scheme...
[[0;32m  OK  [0m] Started Serial Getty on ttyS0.
[[0;32m  OK  [0m] Started Getty on tty1.
[[0;32m  OK  [0m] Reached target Login Prompts.
[[0;32m  OK  [0m] Started LSB: VirtualBox Linux Additions.
[[0;32m  OK  [0m] Started MySQL Community Server.
[[0;32m  OK  [0m] Started Apply the settings specified in cloud-config.
[[0;32m  OK  [0m] Started Set console scheme.
[[0;32m  OK  [0m] Started LSB: Apache2 web server.
[[0;32m  OK  [0m] Reached target Multi-User System.
         Starting Execute cloud user/final scripts...
[[0;32m  OK  [0m] Reached target Graphical Interface.
         Starting Update UTMP about System Runlevel Changes...
[[0;32m  OK  [0m] Started Update UTMP about System Runlevel Changes.
[   23.647839] cloud-init[1473]: Cloud-init v. 0.7.9 running 'modules:final' at Thu, 08 Jun 2017 05:28:38 +0000. Up 23.37 seconds.
[   23.652843] cloud-init[1473]: Cloud-init v. 0.7.9 finished at Thu, 08 Jun 2017 05:28:39 +0000. Datasource DataSourceNoCloud [seed=/dev/sdb][dsmode=net].  Up 23.63 seconds
[[0;32m  OK  [0m] Started Execute cloud user/final scripts.
[[0;32m  OK  [0m] Reached target Cloud-init target.
[[0;32m  OK  [0m] Created slice User Slice of ubuntu.
         Starting User Manager for UID 1000...
[[0;32m  OK  [0m] Started Session 1 of user ubuntu.
[[0;32m  OK  [0m] Started User Manager for UID 1000.

Ubuntu 16.04.2 LTS fit ttyS0

fit login: 